<?xml version="1.0" encoding="UTF-8"?>
<!-- Generated by org.testng.reporters.JUnitReportReporter -->
<testsuite hostname="RAIKARGAJU" failures="0" tests="3" name="users.Users" time="0.008" errors="0" timestamp="2023-12-07T19:39:35 IST" skipped="0">
  <testcase classname="users.Users" name="modifyUser" time="0.001"/>
  <system-out/>
  <testcase classname="users.Users" name="createUser" time="0.005"/>
  <system-out/>
  <testcase classname="users.Users" name="deleteUser" time="0.002"/>
  <system-out/>
</testsuite> <!-- users.Users -->
