<?xml version="1.0" encoding="UTF-8"?>
<!-- Generated by org.testng.reporters.JUnitReportReporter -->
<testsuite hostname="RAIKARGAJU" failures="0" tests="2" name="summary.AnnotationsSummary" time="0.008" errors="0" timestamp="2023-12-07T19:39:29 IST" skipped="0">
  <testcase classname="summary.AnnotationsSummary" name="method1" time="0.006"/>
  <system-out/>
  <testcase classname="summary.AnnotationsSummary" name="method2" time="0.002"/>
  <system-out/>
</testsuite> <!-- summary.AnnotationsSummary -->
