<?xml version="1.0" encoding="UTF-8"?>
<!-- Generated by org.testng.reporters.JUnitReportReporter -->
<testsuite hostname="RAIKARGAJU" failures="0" tests="3" name="products.Products" time="0.007" errors="0" timestamp="2023-12-07T19:39:25 IST" skipped="0">
  <testcase classname="products.Products" name="modifyProduct" time="0.001"/>
  <system-out/>
  <testcase classname="products.Products" name="createProduct" time="0.005"/>
  <system-out/>
  <testcase classname="products.Products" name="deleteProduct" time="0.001"/>
  <system-out/>
</testsuite> <!-- products.Products -->
