<?xml version="1.0" encoding="UTF-8"?>
<!-- Generated by org.testng.reporters.JUnitReportReporter -->
<testsuite hostname="RAIKARGAJU" failures="0" tests="7" name="assignmentWebAutomationTestNG.QAssignment1" time="97.949" errors="0" timestamp="2023-12-15T14:47:20 IST" skipped="0">
  <testcase classname="assignmentWebAutomationTestNG.QAssignment1" name="launch" time="28.172"/>
  <system-out/>
  <testcase classname="assignmentWebAutomationTestNG.QAssignment1" name="navigate" time="4.784"/>
  <system-out/>
  <testcase classname="assignmentWebAutomationTestNG.QAssignment1" name="login" time="19.224"/>
  <system-out/>
  <testcase classname="assignmentWebAutomationTestNG.QAssignment1" name="create" time="27.649"/>
  <system-out/>
  <testcase classname="assignmentWebAutomationTestNG.QAssignment1" name="delete" time="12.341"/>
  <system-out/>
  <testcase classname="assignmentWebAutomationTestNG.QAssignment1" name="logout" time="5.317"/>
  <system-out/>
  <testcase classname="assignmentWebAutomationTestNG.QAssignment1" name="closeApplication" time="0.462"/>
  <system-out/>
</testsuite> <!-- assignmentWebAutomationTestNG.QAssignment1 -->
