<?xml version="1.0" encoding="UTF-8"?>
<!-- Generated by org.testng.reporters.JUnitReportReporter -->
<testsuite hostname="RAIKARGAJU" failures="0" tests="6" name="actiTime.LoginLogoutScenario" time="20.156" errors="0" timestamp="2023-12-09T18:47:27 IST" skipped="0">
  <testcase classname="actiTime.LoginLogoutScenario" name="launchBrowser" time="3.797"/>
  <system-out/>
  <testcase classname="actiTime.LoginLogoutScenario" name="navigate" time="3.785"/>
  <system-out/>
  <testcase classname="actiTime.LoginLogoutScenario" name="login" time="7.350"/>
  <system-out/>
  <testcase classname="actiTime.LoginLogoutScenario" name="minimizeFlyOutWindow" time="2.349"/>
  <system-out/>
  <testcase classname="actiTime.LoginLogoutScenario" name="logout" time="2.522"/>
  <system-out/>
  <testcase classname="actiTime.LoginLogoutScenario" name="closeApplication" time="0.353"/>
  <system-out/>
</testsuite> <!-- actiTime.LoginLogoutScenario -->
