<?xml version="1.0" encoding="UTF-8"?>
<!-- Generated by org.testng.reporters.JUnitReportReporter -->
<testsuite hostname="RAIKARGAJU" failures="0" tests="6" name="actiTime.LoginLogoutScenario" time="24.284" errors="0" timestamp="2023-12-12T11:51:46 IST" skipped="0">
  <testcase classname="actiTime.LoginLogoutScenario" name="launchBrowser" time="2.631"/>
  <system-out/>
  <testcase classname="actiTime.LoginLogoutScenario" name="navigate" time="5.384"/>
  <system-out/>
  <testcase classname="actiTime.LoginLogoutScenario" name="login" time="5.353"/>
  <system-out/>
  <testcase classname="actiTime.LoginLogoutScenario" name="minimizeFlyOutWindow" time="5.103"/>
  <system-out/>
  <testcase classname="actiTime.LoginLogoutScenario" name="logout" time="5.554"/>
  <system-out/>
  <testcase classname="actiTime.LoginLogoutScenario" name="closeApplication" time="0.259"/>
  <system-out/>
</testsuite> <!-- actiTime.LoginLogoutScenario -->
